POST /api/vocab
GET /api/agent/next
GET /api/agent/next?types=enrich_vocab
POST /api/agent/claim
POST /api/agent/complete
GET /api/agent/next?types=enrich_vocab
POST /api/marks
GET /api/agent/next
POST /api/agent/claim
POST /api/notes
POST /api/agent/complete
GET /api/notes?book_id=1
GET /
GET /style.css
GET /app.js
GET /api/books
GET /favicon.ico
GET /favicon.ico
GET /api/books/1
GET /api/books/1/chapters/2
GET /api/marks?book_id=1
GET /api/actions?book_id=1&status=pending
GET /api/chat?book_id=1
GET /api/vocab
GET /api/notes?book_id=1
POST /api/position
GET /api/notes?book_id=1
POST /api/position
